2024-11-20 16:03:19,608 - boston_speech_scraper - INFO - Speech Infos Data already exists, skip collecting infos.
2024-11-20 16:03:19,610 - boston_speech_scraper - INFO - Skip speech Susan M. Collins, President & Chief Executive Officer November 15, 2024 Remarks at ¡°The Future of Finance: Implications of Innovation¡± cause' it's earlier than start_date.
2024-11-20 16:03:19,612 - boston_speech_scraper - INFO - Skip speech Susan M. Collins, President & Chief Executive Officer October 25, 2024 A Conversation with Susan M. Collins and the Boston Foundation¡¯s Lee Pelton cause' it's earlier than start_date.
2024-11-20 16:03:19,612 - boston_speech_scraper - INFO - Skip speech Susan M. Collins, President & Chief Executive Officer October 9, 2024 Observations on the Economy, and the Vibrancy of Smaller Cities cause' it's earlier than start_date.
2024-11-20 16:03:19,613 - boston_speech_scraper - INFO - Skip speech Susan M. Collins, President & Chief Executive Officer October 8, 2024 Remarks at the 23rd Annual Regional and Community Banker¡¯s Conference cause' it's earlier than start_date.
2024-11-20 16:03:19,614 - boston_speech_scraper - INFO - Skip speech Susan M. Collins, President & Chief Executive Officer September 30, 2024 Welcoming Remarks at the forum on ¡°Meeting the Moment: Community Development and Climate Resilience in New England¡¯s Working Places¡± cause' it's earlier than start_date.
2024-11-20 16:03:19,614 - boston_speech_scraper - INFO - Skip speech Susan M. Collins, President & Chief Executive Officer June 18, 2024 A Partnership for Progress cause' it's earlier than start_date.
2024-11-20 16:03:19,616 - boston_speech_scraper - INFO - Skip speech Susan M. Collins, President & Chief Executive Officer May 8, 2024 Reflections on Uncertainty and Patience in Monetary Policymaking cause' it's earlier than start_date.
2024-11-20 16:03:19,617 - boston_speech_scraper - INFO - Skip speech Susan M. Collins, President & Chief Executive Officer April 16, 2024 Remarks for the National Association of Corporate Directors New England Chapter cause' it's earlier than start_date.
2024-11-20 16:03:19,619 - boston_speech_scraper - INFO - Skip speech Susan M. Collins, President & Chief Executive Officer April 11, 2024 The Importance of a Patient, Methodical, and Holistic Approach to Monetary Policy cause' it's earlier than start_date.
2024-11-20 16:03:19,619 - boston_speech_scraper - INFO - Skip speech Susan M. Collins, President & Chief Executive Officer April 5, 2024 Welcoming Remarks at the ¡°Conference on the Financial Stability Implications of Stablecoins¡± cause' it's earlier than start_date.
2024-11-20 16:03:19,620 - boston_speech_scraper - INFO - Skip speech Susan M. Collins, President & Chief Executive Officer March 6, 2024 Remarks to the Retail Industry Leaders Association cause' it's earlier than start_date.
2024-11-20 16:03:19,621 - boston_speech_scraper - INFO - Skip speech Susan M. Collins, President & Chief Executive Officer February 28, 2024 Observations on the Economy¡¯s Performance and Outlook cause' it's earlier than start_date.
2024-11-20 16:03:19,621 - boston_speech_scraper - INFO - Skip speech Susan M. Collins, President & Chief Executive Officer February 7, 2024 The Economy¡¯s Performance and Outlook, and Implications for Policy cause' it's earlier than start_date.
2024-11-20 16:03:19,622 - boston_speech_scraper - INFO - Skip speech Susan M. Collins, President & Chief Executive Officer February 6, 2024 Opening Remarks for Sessions on Men and Women in the Workforce at the Conference, ¡°Uneven Outcomes in the Labor Market¡± cause' it's earlier than start_date.
2024-11-20 16:04:53,735 - boston_speech_scraper - INFO - Speech Infos Data already exists, skip collecting infos.
2024-11-20 16:12:04,487 - boston_speech_scraper - INFO - Speech Infos Data already exists, skip collecting infos.
2024-11-20 16:26:31,893 - boston_speech_scraper - INFO - Speech Infos Data already exists, skip collecting infos.
2024-11-20 16:32:14,781 - boston_speech_scraper - INFO - Speech Infos Data already exists, skip collecting infos.
2024-11-20 16:33:01,045 - boston_speech_scraper - WARNING - Extract Susan M. Collins, President & Chief Executive Officer November 15, 2024 Remarks at ¡°The Future of Finance: Implications of Innovation¡± failed.
2024-11-20 16:38:37,135 - boston_speech_scraper - INFO - Speech Infos Data already exists, skip collecting infos.
2024-11-20 16:43:33,950 - boston_speech_scraper - INFO - Skip speech Susan M. Collins, President & Chief Executive Officer October 9, 2024 Observations on the Economy, and the Vibrancy of Smaller Cities cause' it's earlier than start_date.
2024-11-20 16:43:33,951 - boston_speech_scraper - INFO - Skip speech Susan M. Collins, President & Chief Executive Officer October 8, 2024 Remarks at the 23rd Annual Regional and Community Banker¡¯s Conference cause' it's earlier than start_date.
2024-11-20 16:43:33,952 - boston_speech_scraper - INFO - Skip speech Susan M. Collins, President & Chief Executive Officer September 30, 2024 Welcoming Remarks at the forum on ¡°Meeting the Moment: Community Development and Climate Resilience in New England¡¯s Working Places¡± cause' it's earlier than start_date.
2024-11-20 16:43:33,952 - boston_speech_scraper - INFO - Skip speech Susan M. Collins, President & Chief Executive Officer June 18, 2024 A Partnership for Progress cause' it's earlier than start_date.
2024-11-20 16:43:33,953 - boston_speech_scraper - INFO - Skip speech Susan M. Collins, President & Chief Executive Officer May 8, 2024 Reflections on Uncertainty and Patience in Monetary Policymaking cause' it's earlier than start_date.
2024-11-20 16:43:33,954 - boston_speech_scraper - INFO - Skip speech Susan M. Collins, President & Chief Executive Officer April 16, 2024 Remarks for the National Association of Corporate Directors New England Chapter cause' it's earlier than start_date.
2024-11-20 16:43:33,954 - boston_speech_scraper - INFO - Skip speech Susan M. Collins, President & Chief Executive Officer April 11, 2024 The Importance of a Patient, Methodical, and Holistic Approach to Monetary Policy cause' it's earlier than start_date.
2024-11-20 16:43:33,955 - boston_speech_scraper - INFO - Skip speech Susan M. Collins, President & Chief Executive Officer April 5, 2024 Welcoming Remarks at the ¡°Conference on the Financial Stability Implications of Stablecoins¡± cause' it's earlier than start_date.
2024-11-20 16:43:33,955 - boston_speech_scraper - INFO - Skip speech Susan M. Collins, President & Chief Executive Officer March 6, 2024 Remarks to the Retail Industry Leaders Association cause' it's earlier than start_date.
2024-11-20 16:43:33,956 - boston_speech_scraper - INFO - Skip speech Susan M. Collins, President & Chief Executive Officer February 28, 2024 Observations on the Economy¡¯s Performance and Outlook cause' it's earlier than start_date.
2024-11-20 16:43:33,956 - boston_speech_scraper - INFO - Skip speech Susan M. Collins, President & Chief Executive Officer February 7, 2024 The Economy¡¯s Performance and Outlook, and Implications for Policy cause' it's earlier than start_date.
2024-11-20 16:43:33,957 - boston_speech_scraper - INFO - Skip speech Susan M. Collins, President & Chief Executive Officer February 6, 2024 Opening Remarks for Sessions on Men and Women in the Workforce at the Conference, ¡°Uneven Outcomes in the Labor Market¡± cause' it's earlier than start_date.
2024-11-20 16:49:33,215 - boston_speech_scraper - INFO - Speech Infos Data already exists, skip collecting infos.
2024-11-20 18:45:22,542 - boston_speech_scraper - WARNING - Extract Eric S. Rosengren February 27, 2009 Making Monetary Policy During a Financial Crisis failed.
2024-11-20 18:45:22,549 - boston_speech_scraper - WARNING - Extract Eric S. Rosengren January 8, 2009 Housing and the Economy: Perspectives and Possibilities failed.
2024-11-20 20:32:58,571 - boston_speech_scraper - WARNING - Extract Eric S. Rosengren December 8, 2008 Some Principles to Consider in Future Regulatory Reform failed.
2024-11-20 20:32:58,616 - boston_speech_scraper - WARNING - Extract Eric S. Rosengren October 16, 2008 Observations on Housing, Lending, and Foreclosure Prevention failed.
2024-11-20 20:32:58,656 - boston_speech_scraper - WARNING - Extract Eric S. Rosengren October 9, 2008 The Impact of Financial Institutions and Financial Markets on the Real Economy: Implications of a 'Liquidity Lock' failed.
2024-11-20 20:32:58,681 - boston_speech_scraper - WARNING - Extract Eric S. Rosengren September 3, 2008 Implications of a Credit Crunch failed.
2024-11-20 20:32:58,900 - boston_speech_scraper - WARNING - Extract Eric S. Rosengren June 10, 2008 Opening Remarks: Empirical Questions in Modeling Inflation and Understanding the Implications for Policy failed.
2024-11-20 20:32:59,065 - boston_speech_scraper - WARNING - Extract Eric S. Rosengren May 30, 2008 Current Challenges in Housing and Home Loans: Complicating Factors and the Implications for Policymakers failed.
2024-11-20 20:32:59,090 - boston_speech_scraper - WARNING - Extract Eric S. Rosengren May 14, 2008 Risk-Management Lessons from Recent Financial Turmoil failed.
2024-11-20 20:32:59,105 - boston_speech_scraper - WARNING - Extract Eric S. Rosengren April 18, 2008 Liquidity and Systemic Risk failed.
2024-11-20 20:32:59,126 - boston_speech_scraper - WARNING - Extract Eric S. Rosengren March 27, 2008 Bank Supervision and Central Banking: Understanding Credit During a Time of Financial Turmoil failed.
2024-11-20 20:32:59,136 - boston_speech_scraper - WARNING - Extract Eric S. Rosengren March 6, 2008 Early Lessons from Recent Financial Turmoil failed.
2024-11-20 20:32:59,214 - boston_speech_scraper - WARNING - Extract Eric S. Rosengren February 29, 2008 Discussion: The Mortgage Meltdown ¨C Implications for Credit Availability failed.
2024-11-20 20:32:59,259 - boston_speech_scraper - WARNING - Extract Eric S. Rosengren January 8, 2008 A Historical Perspective on Housing Downturns failed.
2024-11-20 20:32:59,322 - boston_speech_scraper - WARNING - Extract Eric S. Rosengren December 20, 2007 Remarks at the Launch of the Mortgage Relief Fund failed.
2024-11-20 20:32:59,329 - boston_speech_scraper - WARNING - Extract Eric S. Rosengren December 3, 2007 Subprime Mortgage Problems: Research, Opportunities, and Policy Considerations failed.
2024-11-20 20:32:59,352 - boston_speech_scraper - WARNING - Extract Lynn E. Browne October 15, 2007 Mortgage Lending Discrimination failed.
2024-11-20 20:32:59,362 - boston_speech_scraper - WARNING - Extract Eric S. Rosengren October 10, 2007 Recent Developments in Real Estate, Financial Markets, and the Economy failed.
2024-11-20 20:32:59,391 - boston_speech_scraper - WARNING - Extract Paul M. Connolly May 21, 2007 Change in the National Payments System failed.
2024-11-20 20:32:59,400 - boston_speech_scraper - WARNING - Extract Paul M. Connolly April 9, 2007 Transformation of the Check System: The ACH Example failed.
2024-11-20 20:32:59,406 - boston_speech_scraper - WARNING - Extract Cathy E. Minehan, President & Chief Executive Officer January 12, 2007 Economic Outlook Conference failed.
2024-11-20 20:32:59,415 - boston_speech_scraper - WARNING - Extract Cathy E. Minehan, President & Chief Executive Officer January 5, 2007 Connecticut Business and Industry Association's Economic Summit and Outlook failed.
2024-11-20 20:32:59,460 - boston_speech_scraper - WARNING - Extract Paul M. Connolly October 3, 2006 Three Initiatives In Payments failed.
2024-11-20 20:32:59,471 - boston_speech_scraper - WARNING - Extract Cathy E. Minehan, President & Chief Executive Officer September 28, 2006 The Role of Central Banks in Economic and Personal Finance Education failed.
2024-11-20 20:32:59,481 - boston_speech_scraper - WARNING - Extract Cathy E. Minehan, President & Chief Executive Officer September 11, 2006 Remarks to the National Association of Business Economists failed.
2024-11-20 20:32:59,522 - boston_speech_scraper - WARNING - Extract Cathy E. Minehan, President & Chief Executive Officer March 20, 2006 Comments to New England Realtors Conference failed.
2024-11-20 20:32:59,529 - boston_speech_scraper - WARNING - Extract Cathy E. Minehan, President & Chief Executive Officer January 6, 2006 How Should Monetary Policymakers Cope with Uncertainty? failed.
2024-11-22 14:43:02,565 - boston_speech_scraper - INFO - Skip speech Susan M. Collins, President & Chief Executive Officer October 25, 2024 A Conversation with Susan M. Collins and the Boston Foundation¡¯s Lee Pelton cause' it's earlier than start_date.
2024-11-22 14:43:02,568 - boston_speech_scraper - INFO - Skip speech Susan M. Collins, President & Chief Executive Officer October 9, 2024 Observations on the Economy, and the Vibrancy of Smaller Cities cause' it's earlier than start_date.
2024-11-22 14:43:02,568 - boston_speech_scraper - INFO - Skip speech Susan M. Collins, President & Chief Executive Officer October 8, 2024 Remarks at the 23rd Annual Regional and Community Banker¡¯s Conference cause' it's earlier than start_date.
2024-11-22 14:43:02,569 - boston_speech_scraper - INFO - Skip speech Susan M. Collins, President & Chief Executive Officer September 30, 2024 Welcoming Remarks at the forum on ¡°Meeting the Moment: Community Development and Climate Resilience in New England¡¯s Working Places¡± cause' it's earlier than start_date.
2024-11-22 14:43:02,569 - boston_speech_scraper - INFO - Skip speech Susan M. Collins, President & Chief Executive Officer June 18, 2024 A Partnership for Progress cause' it's earlier than start_date.
2024-11-22 14:43:02,570 - boston_speech_scraper - INFO - Skip speech Susan M. Collins, President & Chief Executive Officer May 8, 2024 Reflections on Uncertainty and Patience in Monetary Policymaking cause' it's earlier than start_date.
2024-11-22 14:43:02,571 - boston_speech_scraper - INFO - Skip speech Susan M. Collins, President & Chief Executive Officer April 16, 2024 Remarks for the National Association of Corporate Directors New England Chapter cause' it's earlier than start_date.
2024-11-22 14:43:02,571 - boston_speech_scraper - INFO - Skip speech Susan M. Collins, President & Chief Executive Officer April 11, 2024 The Importance of a Patient, Methodical, and Holistic Approach to Monetary Policy cause' it's earlier than start_date.
2024-11-22 14:43:02,572 - boston_speech_scraper - INFO - Skip speech Susan M. Collins, President & Chief Executive Officer April 5, 2024 Welcoming Remarks at the ¡°Conference on the Financial Stability Implications of Stablecoins¡± cause' it's earlier than start_date.
2024-11-22 14:43:02,573 - boston_speech_scraper - INFO - Skip speech Susan M. Collins, President & Chief Executive Officer March 6, 2024 Remarks to the Retail Industry Leaders Association cause' it's earlier than start_date.
2024-11-22 14:43:02,573 - boston_speech_scraper - INFO - Skip speech Susan M. Collins, President & Chief Executive Officer February 28, 2024 Observations on the Economy¡¯s Performance and Outlook cause' it's earlier than start_date.
2024-11-22 14:43:02,574 - boston_speech_scraper - INFO - Skip speech Susan M. Collins, President & Chief Executive Officer February 7, 2024 The Economy¡¯s Performance and Outlook, and Implications for Policy cause' it's earlier than start_date.
2024-11-22 14:43:02,574 - boston_speech_scraper - INFO - Skip speech Susan M. Collins, President & Chief Executive Officer February 6, 2024 Opening Remarks for Sessions on Men and Women in the Workforce at the Conference, ¡°Uneven Outcomes in the Labor Market¡± cause' it's earlier than start_date.
