2024-11-21 11:29:27,777 - stlouis - INFO - Speech Infos Data already exists, skip collecting infos.
2024-11-21 11:30:00,661 - stlouis - INFO - Speech Infos Data already exists, skip collecting infos.
2024-11-21 11:33:50,076 - stlouis - INFO - Speech Infos Data already exists, skip collecting infos.
2024-11-21 11:35:48,412 - stlouis - INFO - Speech Infos Data already exists, skip collecting infos.
2024-11-21 11:39:27,130 - stlouis - INFO - Speech Infos Data already exists, skip collecting infos.
2024-11-21 11:42:53,087 - stlouis - INFO - Speech Infos Data already exists, skip collecting infos.
2024-11-21 11:46:33,105 - stlouis - INFO - Speech Infos Data already exists, skip collecting infos.
2024-11-21 15:24:16,249 - stlouis - INFO - Speech Infos Data already exists, skip collecting infos.
2024-11-21 15:24:16,252 - stlouis - INFO - Skip speech James Bullard January 05, 2023 The Prospects for Disinflation in 2023 : CFA Society St. Louis cause' it's earlier than start_date.
2024-11-21 15:24:16,253 - stlouis - INFO - Skip speech James Bullard January 12, 2023 Bullard Discusses Inflation and the Economic Outlook : Wisconsin Bankers Association cause' it's earlier than start_date.
2024-11-21 15:24:16,254 - stlouis - INFO - Skip speech James Bullard February 04, 2023 Social Learning for the Masses : Computational & Experimental Economics Workshop, Simon Fraser University, Vancouver, British Columbia cause' it's earlier than start_date.
2024-11-21 15:24:16,255 - stlouis - INFO - Skip speech James Bullard February 16, 2023 Disinflation: Progress and Prospects : Greater Jackson Chamber, Jackson, Tenn. cause' it's earlier than start_date.
2024-11-21 15:24:16,257 - stlouis - INFO - Skip speech James Bullard February 24, 2023 Credible and Incredible Disinflations : The Credibility of Government Policies: Conference in Honor of Guillermo Calvo, Panel Discussion: Back to 2% Inflation? Columbia University, New York, N.Y. cause' it's earlier than start_date.
2024-11-21 15:24:16,258 - stlouis - INFO - Skip speech James Bullard March 24, 2023 Financial Stress and the Current Macroeconomic Outlook : Greater St. Louis Inc., St. Louis cause' it's earlier than start_date.
2024-11-21 15:24:16,259 - stlouis - INFO - Skip speech James Bullard April 06, 2023 Financial Stress and the Economy : Arkansas Bankers Association's 133rd Annual Convention, Day with the Commissioner, Little Rock, Ark. cause' it's earlier than start_date.
2024-11-21 15:24:16,260 - stlouis - INFO - Skip speech James Bullard May 05, 2023 Bullard Discusses Recent Policy Rate Increase, Outlook for U.S. Economy in Fireside Chat : The Economic Club of Minnesota cause' it's earlier than start_date.
2024-11-21 15:24:16,260 - stlouis - INFO - Skip speech James Bullard May 12, 2023 The Monetary-Fiscal Policy Mix and Central Bank Strategy : Toward a Monetary Policy Strategy, Hoover Institution at Stanford University, Stanford, Calif. cause' it's earlier than start_date.
2024-11-21 15:24:16,261 - stlouis - INFO - Skip speech James Bullard June 16, 2023 Optimal Macroeconomic Policies in a Heterogeneous World : Presented at The Future of Macroeconomic Policy, Norges Bank, the IMF and IMF Economic Review, Oslo, Norway cause' it's earlier than start_date.
2024-11-21 15:24:16,262 - stlouis - INFO - Skip speech James Bullard June 17, 2023 Optimal Macroeconomic Policies in a Heterogeneous World : Presented at Recent Developments in Macroeconomic Policy and Theory, Santorini, Greece cause' it's earlier than start_date.
2024-11-21 15:24:16,262 - stlouis - INFO - Skip speech James Bullard June 20, 2023 Optimal Macroeconomic Policies in a Heterogeneous World : Presented at the BSE Summer Forum, Expectations in Dynamic Macroeconomic Models, Barcelona, Spain cause' it's earlier than start_date.
2024-11-21 15:24:16,263 - stlouis - INFO - Skip speech James Bullard June 23, 2023 Optimal Macroeconomic Policies in a Heterogeneous World : 2023 IJCB Conference, International Journal of Central Banking and Central Bank of Ireland, Dublin, Ireland cause' it's earlier than start_date.
2024-11-21 15:27:55,667 - stlouis - INFO - 11 titles found.
2024-11-21 15:32:29,909 - stlouis - INFO - William McChesney Martin, Sr. has 9 speeches collected.
2024-11-21 15:40:01,871 - stlouis - INFO - Error KeyError('records') occured when fetching item content
2024-11-21 15:41:00,439 - stlouis - INFO - Error KeyError('records') occured when fetching item content
