2024-10-31 17:52:57,527 - chicago_speech_scraper - INFO - Speech Infos Data already exists, skip collecting infos.
2024-10-31 17:54:58,618 - chicago_speech_scraper - INFO - 14 speech infos of 2007 was collected.
2024-10-31 17:54:58,619 - chicago_speech_scraper - INFO - 19 speech infos of 2006 was collected.
2024-10-31 17:54:58,619 - chicago_speech_scraper - INFO - 15 speech infos of 2005 was collected.
2024-10-31 17:54:58,619 - chicago_speech_scraper - INFO - 16 speech infos of 2004 was collected.
2024-10-31 17:55:27,700 - chicago_speech_scraper - INFO - Error  DateParseError('Unknown datetime string format, unable to parse: challenges. resiliency, 2021, at position 0') occured when processing https://www.chicagofed.org/publications/speeches/2021/challenges-resiliency-opportunities-transcript.
2024-10-31 17:55:27,959 - chicago_speech_scraper - INFO - Error  DateParseError('Unknown datetime string format, unable to parse: current. state, 2021, at position 0') occured when processing https://www.chicagofed.org/publications/speeches/2021/current-state-economic-recovery.
2024-10-31 17:55:28,094 - chicago_speech_scraper - INFO - Error  DateParseError('Unknown datetime string format, unable to parse: sabew. 5, 2021, at position 0') occured when processing https://www.chicagofed.org/publications/speeches/2021/sabew-5-10.
2024-10-31 17:55:28,159 - chicago_speech_scraper - INFO - Error  DateParseError('Unknown datetime string format, unable to parse: levy. economics, 2021, at position 0') occured when processing https://www.chicagofed.org/publications/speeches/2021/levy-economics-institute-conference.
2024-10-31 17:55:28,230 - chicago_speech_scraper - INFO - Error  DateParseError('Unknown datetime string format, unable to parse: promising. outlook, 2021, at position 0') occured when processing https://www.chicagofed.org/publications/speeches/2021/promising-outlook-opportunity-community-colleges.
2024-10-31 17:55:28,301 - chicago_speech_scraper - INFO - Error  DateParseError('Unknown datetime string format, unable to parse: women. in, 2021, at position 0') occured when processing https://www.chicagofed.org/publications/speeches/2021/women-in-housing-and-finance.
2024-10-31 17:55:28,370 - chicago_speech_scraper - INFO - Error  DateParseError('Unknown datetime string format, unable to parse: jas. perspectives, 2021, at position 0') occured when processing https://www.chicagofed.org/publications/speeches/2021/jas-perspectives-on-the-economy.
2024-10-31 17:55:28,440 - chicago_speech_scraper - INFO - Error  DateParseError('Unknown datetime string format, unable to parse: challenges. resiliency, 2021, at position 0') occured when processing https://www.chicagofed.org/publications/speeches/2021/challenges-resiliency-opportunities.
2024-10-31 17:55:28,510 - chicago_speech_scraper - INFO - Error  DateParseError('Unknown datetime string format, unable to parse: economic. disucssion, 2021, at position 0') occured when processing https://www.chicagofed.org/publications/speeches/2021/economic-disucssion-with-charles-evans.
2024-10-31 17:55:28,581 - chicago_speech_scraper - INFO - Error  DateParseError('Unknown datetime string format, unable to parse: new. policy, 2021, at position 0') occured when processing https://www.chicagofed.org/publications/speeches/2021/new-policy-framework-and-financial-stability.
2024-10-31 17:55:28,652 - chicago_speech_scraper - INFO - Error  DateParseError('Unknown datetime string format, unable to parse: the. road, 2021, at position 0') occured when processing https://www.chicagofed.org/publications/speeches/2021/the-road-ahead-under-new-framework.
2024-10-31 17:55:28,728 - chicago_speech_scraper - INFO - Error  DateParseError('Unknown datetime string format, unable to parse: bank. management, 2020, at position 0') occured when processing https://www.chicagofed.org/publications/speeches/2020/bank-management-directors-conference.
2024-10-31 17:55:28,800 - chicago_speech_scraper - INFO - Error  DateParseError('Unknown datetime string format, unable to parse: iowa. bankers, 2020, at position 0') occured when processing https://www.chicagofed.org/publications/speeches/2020/iowa-bankers-association.
2024-10-31 17:55:28,882 - chicago_speech_scraper - INFO - Error  DateParseError('Unknown datetime string format, unable to parse: uneven. recovery, 2020, at position 0') occured when processing https://www.chicagofed.org/publications/speeches/2020/uneven-recovery-and-the-path-ahead.
2024-10-31 17:55:28,982 - chicago_speech_scraper - INFO - Error  DateParseError('Unknown datetime string format, unable to parse: new. long, 2020, at position 0') occured when processing https://www.chicagofed.org/publications/speeches/2020/new-long-run-framework.
2024-10-31 17:55:29,078 - chicago_speech_scraper - INFO - Error  DateParseError('Unknown datetime string format, unable to parse: challenges. opportunities, 2020, at position 0') occured when processing https://www.chicagofed.org/publications/speeches/2020/challenges-opportunities-in-hardest-hit-neighborhoods.
2024-10-31 17:55:29,160 - chicago_speech_scraper - INFO - Error  DateParseError('Unknown datetime string format, unable to parse: covid. 19, 2020, at position 0') occured when processing https://www.chicagofed.org/publications/speeches/2020/covid-19-and-the-future-of-the-economy.
2024-10-31 17:55:29,241 - chicago_speech_scraper - INFO - Error  DateParseError('Unknown datetime string format, unable to parse: future. of, 2020, at position 0') occured when processing https://www.chicagofed.org/publications/speeches/2020/future-of-economy.
2024-10-31 17:55:29,315 - chicago_speech_scraper - INFO - Error  DateParseError('Unknown datetime string format, unable to parse: covid. 19, 2020, at position 0') occured when processing https://www.chicagofed.org/publications/speeches/2020/covid-19.
2024-10-31 17:55:29,383 - chicago_speech_scraper - INFO - Error  DateParseError('Unknown datetime string format, unable to parse: countering. downward, 2020, at position 0') occured when processing https://www.chicagofed.org/publications/speeches/2020/countering-downward-bias-in-inflation-slides.
2024-10-31 17:55:29,438 - chicago_speech_scraper - INFO - Error  DateParseError('Unknown datetime string format, unable to parse: countering. downward, 2020, at position 0') occured when processing https://www.chicagofed.org/publications/speeches/2020/countering-downward-bias-in-inflation.
2024-10-31 17:55:29,519 - chicago_speech_scraper - INFO - Error  DateParseError('Unknown datetime string format, unable to parse: panel. remarks, 2020, at position 0') occured when processing https://www.chicagofed.org/publications/speeches/2020/panel-remarks-and-intros.
2024-10-31 17:55:29,603 - chicago_speech_scraper - INFO - Error  DateParseError('Unknown datetime string format, unable to parse: innovation. on, 2019, at position 0') occured when processing https://www.chicagofed.org/publications/speeches/2019/innovation-on-the-fringe-and-at-the-core.
2024-10-31 17:55:29,679 - chicago_speech_scraper - INFO - Error  DateParseError('Unknown datetime string format, unable to parse: fed. listens, 2019, at position 0') occured when processing https://www.chicagofed.org/publications/speeches/2019/fed-listens-2-welcome-and-introduction.
2024-10-31 17:55:29,749 - chicago_speech_scraper - INFO - Error  DateParseError('Unknown datetime string format, unable to parse: on. risk, 2019, at position 0') occured when processing https://www.chicagofed.org/publications/speeches/2019/on-risk-management-in-monetary-policy.
2024-10-31 17:55:29,827 - chicago_speech_scraper - INFO - Error  DateParseError('Unknown datetime string format, unable to parse: on. mid, 2019, at position 0') occured when processing https://www.chicagofed.org/publications/speeches/2019/on-mid-cycle-adjustments.
2024-10-31 17:55:29,900 - chicago_speech_scraper - INFO - Error  DateParseError('Unknown datetime string format, unable to parse: north. american, 2019, at position 0') occured when processing https://www.chicagofed.org/publications/speeches/2019/north-american-trade-and-auto-sector.
2024-10-31 17:55:29,983 - chicago_speech_scraper - INFO - Error  DateParseError('Unknown datetime string format, unable to parse: fed. listens, 2019, at position 0') occured when processing https://www.chicagofed.org/publications/speeches/2019/fed-listens-opening-remarks.
2024-10-31 17:55:30,163 - chicago_speech_scraper - INFO - Error  DateParseError('Unknown datetime string format, unable to parse: the. risks, 2019, at position 0') occured when processing https://www.chicagofed.org/publications/speeches/2019/the-risks-of-attending-and-financing-college.
2024-10-31 17:55:30,252 - chicago_speech_scraper - INFO - Error  DateParseError('Unknown datetime string format, unable to parse: long. term, 2019, at position 0') occured when processing https://www.chicagofed.org/publications/speeches/2019/long-term-economic-trends-and-monetary-policy-frameworks-and-strategies.
2024-10-31 17:55:30,342 - chicago_speech_scraper - INFO - Error  DateParseError('Unknown datetime string format, unable to parse: on. risk, 2019, at position 0') occured when processing https://www.chicagofed.org/publications/speeches/2019/on-risk-and-credibility-in-monetary-policy.
2024-10-31 17:55:30,449 - chicago_speech_scraper - INFO - Error  DateParseError('Unknown datetime string format, unable to parse: risk. management, 2019, at position 0') occured when processing https://www.chicagofed.org/publications/speeches/2019/risk-management-and-the-credibility-of-monetary-policy.
2024-10-31 17:55:30,542 - chicago_speech_scraper - INFO - Error  DateParseError('Unknown datetime string format, unable to parse: revisiting. risk, 2019, at position 0') occured when processing https://www.chicagofed.org/publications/speeches/2019/revisiting-risk-management.
2024-10-31 17:55:30,625 - chicago_speech_scraper - INFO - Error  DateParseError('Unknown datetime string format, unable to parse: monteary. policy, 2019, at position 0') occured when processing https://www.chicagofed.org/publications/speeches/2019/monteary-policy-assessing-crosscurrents-milwaukee.
2024-10-31 17:55:30,710 - chicago_speech_scraper - INFO - Error  DateParseError('Unknown datetime string format, unable to parse: monetary. policy, 2019, at position 0') occured when processing https://www.chicagofed.org/publications/speeches/2019/monetary-policy-assessing-crosscurrents-discover.
2024-10-31 17:55:33,149 - chicago_speech_scraper - INFO - Error  DateParseError('Unknown datetime string format, unable to parse: cautious. approach, 2015, at position 0') occured when processing https://www.chicagofed.org/publications/speeches/2015/cautious-approach-to-monetary-policy-normalization.
2024-10-31 17:55:33,213 - chicago_speech_scraper - INFO - Error  DateParseError('Unknown datetime string format, unable to parse: risks. call, 2015, at position 0') occured when processing https://www.chicagofed.org/publications/speeches/2015/risks-call-for-gradual-approach-normalizing-monetary-policy-chicago.
2024-10-31 17:55:33,279 - chicago_speech_scraper - INFO - Error  DateParseError('Unknown datetime string format, unable to parse: monetary. policy, 2015, at position 0') occured when processing https://www.chicagofed.org/publications/speeches/2015/monetary-policy-avoiding-hazards-cfa-milwaukee-evans.
2024-10-31 17:55:33,355 - chicago_speech_scraper - INFO - Error  DateParseError('Unknown datetime string format, unable to parse: marquette. thoughts, 2015, at position 0') occured when processing https://www.chicagofed.org/publications/speeches/2015/marquette-thoughts-on-leadership-and-monetary-policy.
2024-10-31 17:55:33,494 - chicago_speech_scraper - INFO - Error  DateParseError('Unknown datetime string format, unable to parse: nabe. exercising, 2015, at position 0') occured when processing https://www.chicagofed.org/publications/speeches/2015/nabe-exercising-caution-in-normalizing-monetary-policy.
2024-10-31 17:55:38,446 - chicago_speech_scraper - INFO - 22 speech infos of 2022 was collected.
2024-10-31 17:55:38,447 - chicago_speech_scraper - INFO - 19 speech infos of 2021 was collected.
2024-10-31 17:55:38,447 - chicago_speech_scraper - INFO - 11 speech infos of 2020 was collected.
2024-10-31 17:55:38,448 - chicago_speech_scraper - INFO - 13 speech infos of 2019 was collected.
2024-10-31 17:55:38,448 - chicago_speech_scraper - INFO - 12 speech infos of 2018 was collected.
2024-10-31 17:55:38,449 - chicago_speech_scraper - INFO - 14 speech infos of 2017 was collected.
2024-10-31 17:55:38,449 - chicago_speech_scraper - INFO - 10 speech infos of 2016 was collected.
2024-10-31 17:55:38,449 - chicago_speech_scraper - INFO - 12 speech infos of 2015 was collected.
2024-10-31 17:55:38,450 - chicago_speech_scraper - INFO - 12 speech infos of 2014 was collected.
2024-10-31 17:55:38,450 - chicago_speech_scraper - INFO - 10 speech infos of 2013 was collected.
2024-10-31 17:55:38,450 - chicago_speech_scraper - INFO - 11 speech infos of 2012 was collected.
2024-10-31 17:55:38,451 - chicago_speech_scraper - INFO - 8 speech infos of 2011 was collected.
2024-10-31 17:55:38,451 - chicago_speech_scraper - INFO - 14 speech infos of 2010 was collected.
2024-10-31 17:55:38,452 - chicago_speech_scraper - INFO - 12 speech infos of 2009 was collected.
2024-10-31 17:55:38,452 - chicago_speech_scraper - INFO - 9 speech infos of 2008 was collected.
2024-10-31 17:55:38,462 - chicago_speech_scraper - INFO - 12 speech infos of 2007 was collected.
2024-10-31 17:56:51,313 - chicago_speech_scraper - INFO - 16 speech infos of 2024 was collected.
2024-10-31 17:56:51,329 - chicago_speech_scraper - INFO - 15 speech infos of 2010 was collected.
2024-10-31 17:56:51,330 - chicago_speech_scraper - INFO - 15 speech infos of 2023 was collected.
2024-10-31 17:56:51,330 - chicago_speech_scraper - INFO - --------------------------------------------------All speech infos was collected.--------------------------------------------------
