2024-10-30 10:31:33,448 - FRESERLogger - ERROR - 请求失败，请检查网络连接或参数是否正确。JSONDecodeError('Expecting value: line 1 column 1 (char 0)')
2024-10-30 10:32:11,285 - FRESERLogger - ERROR - 请求失败，请检查网络连接或参数是否正确。JSONDecodeError('Expecting value: line 1 column 1 (char 0)')
2024-10-30 10:32:38,941 - FRESERLogger - ERROR - 请求失败，请检查网络连接或参数是否正确。JSONDecodeError('Expecting value: line 1 column 1 (char 0)')
2024-10-30 10:33:11,436 - FRESERLogger - ERROR - 请求失败，请检查网络连接或参数是否正确。JSONDecodeError('Expecting value: line 1 column 1 (char 0)')
2024-10-30 10:33:28,918 - FRESERLogger - ERROR - 请求失败，请检查网络连接或参数是否正确。JSONDecodeError('Expecting value: line 1 column 1 (char 0)')
2024-10-30 10:42:49,046 - FRESERLogger - ERROR - 请求失败，请检查网络连接或参数是否正确。JSONDecodeError('Expecting value: line 1 column 1 (char 0)')
2024-10-30 10:51:35,632 - FRESERLogger - ERROR - 请求失败，请检查网络连接或参数是否正确。JSONDecodeError('Expecting value: line 1 column 1 (char 0)')
2024-10-30 10:52:15,659 - FRESERLogger - ERROR - 请求失败，请检查网络连接或参数是否正确。JSONDecodeError('Expecting value: line 1 column 1 (char 0)')
2024-10-30 10:52:47,625 - FRESERLogger - ERROR - 请求失败，请检查网络连接或参数是否正确。JSONDecodeError('Expecting value: line 1 column 1 (char 0)')
2024-10-30 10:53:45,478 - FRESERLogger - ERROR - 请求失败，请检查网络连接或参数是否正确。JSONDecodeError('Expecting value: line 1 column 1 (char 0)')
2024-10-30 10:53:58,318 - FRESERLogger - ERROR - 请求失败，请检查网络连接或参数是否正确。JSONDecodeError('Expecting value: line 1 column 1 (char 0)')
2024-10-30 10:55:03,267 - FRESERLogger - ERROR - 请求失败，请检查网络连接或参数是否正确。JSONDecodeError('Expecting value: line 1 column 1 (char 0)')
2024-10-30 10:55:30,601 - FRESERLogger - ERROR - 请求失败，请检查网络连接或参数是否正确。JSONDecodeError('Expecting value: line 1 column 1 (char 0)')
2024-10-30 10:55:42,525 - FRESERLogger - ERROR - 请求失败，请检查网络连接或参数是否正确。JSONDecodeError('Expecting value: line 1 column 1 (char 0)')
2024-10-30 10:57:01,109 - FRESERLogger - ERROR - 请求失败，请检查网络连接或参数是否正确。JSONDecodeError('Expecting value: line 1 column 1 (char 0)')
2024-10-30 10:57:32,647 - FRESERLogger - ERROR - 请求失败，请检查网络连接或参数是否正确。JSONDecodeError('Expecting value: line 1 column 1 (char 0)')
2024-10-30 10:58:34,455 - FRESERLogger - ERROR - 请求失败，请检查网络连接或参数是否正确。ConnectionError(ProtocolError('Connection aborted.', ConnectionResetError(10054, '远程主机强迫关闭了一个现有的连接。', None, 10054, None)))
2024-10-30 10:59:02,066 - FRESERLogger - ERROR - 请求失败，请检查网络连接或参数是否正确。JSONDecodeError('Expecting value: line 1 column 1 (char 0)')
2024-10-30 11:11:30,415 - FRESERLogger - ERROR - 请求失败，请检查网络连接或参数是否正确。JSONDecodeError('Expecting value: line 1 column 1 (char 0)')
2024-10-30 11:11:49,490 - FRESERLogger - ERROR - 请求失败，请检查网络连接或参数是否正确。JSONDecodeError('Expecting value: line 1 column 1 (char 0)')
2024-10-30 11:12:29,734 - FRESERLogger - ERROR - 请求失败，请检查网络连接或参数是否正确。JSONDecodeError('Expecting value: line 1 column 1 (char 0)')
2024-10-30 11:13:06,870 - FRESERLogger - ERROR - 请求失败，请检查网络连接或参数是否正确。JSONDecodeError('Expecting value: line 1 column 1 (char 0)')
2024-10-30 11:13:28,160 - FRESERLogger - ERROR - 请求失败，请检查网络连接或参数是否正确。JSONDecodeError('Expecting value: line 1 column 1 (char 0)')
2024-10-30 11:14:42,998 - FRESERLogger - ERROR - 请求失败，请检查网络连接或参数是否正确。JSONDecodeError('Expecting value: line 1 column 1 (char 0)')
2024-10-30 11:15:25,780 - FRESERLogger - ERROR - 请求失败，请检查网络连接或参数是否正确。JSONDecodeError('Expecting value: line 1 column 1 (char 0)')
2024-10-30 11:15:35,765 - FRESERLogger - ERROR - 请求失败，请检查网络连接或参数是否正确。JSONDecodeError('Expecting value: line 1 column 1 (char 0)')
2024-10-30 11:16:36,011 - FRESERLogger - ERROR - 请求失败，请检查网络连接或参数是否正确。JSONDecodeError('Expecting value: line 1 column 1 (char 0)')
2024-10-30 11:17:05,744 - FRESERLogger - ERROR - 请求失败，请检查网络连接或参数是否正确。JSONDecodeError('Expecting value: line 1 column 1 (char 0)')
2024-10-30 11:17:32,394 - FRESERLogger - ERROR - 请求失败，请检查网络连接或参数是否正确。JSONDecodeError('Expecting value: line 1 column 1 (char 0)')
2024-10-30 11:33:28,859 - FRESERLogger - ERROR - 请求失败，请检查网络连接或参数是否正确。JSONDecodeError('Expecting value: line 1 column 1 (char 0)')
2024-10-30 11:33:33,985 - FRESERLogger - ERROR - 请求失败，请检查网络连接或参数是否正确。JSONDecodeError('Expecting value: line 1 column 1 (char 0)')
2024-10-30 11:33:39,189 - FRESERLogger - ERROR - 请求失败，请检查网络连接或参数是否正确。JSONDecodeError('Expecting value: line 1 column 1 (char 0)')
2024-10-30 11:33:43,593 - FRESERLogger - ERROR - 请求失败，请检查网络连接或参数是否正确。JSONDecodeError('Expecting value: line 1 column 1 (char 0)')
2024-10-30 11:33:48,162 - FRESERLogger - ERROR - 请求失败，请检查网络连接或参数是否正确。JSONDecodeError('Expecting value: line 1 column 1 (char 0)')
2024-10-30 11:33:52,390 - FRESERLogger - ERROR - 请求失败，请检查网络连接或参数是否正确。JSONDecodeError('Expecting value: line 1 column 1 (char 0)')
2024-10-30 11:33:56,204 - FRESERLogger - ERROR - 请求失败，请检查网络连接或参数是否正确。JSONDecodeError('Expecting value: line 1 column 1 (char 0)')
2024-10-30 11:34:00,270 - FRESERLogger - ERROR - 请求失败，请检查网络连接或参数是否正确。JSONDecodeError('Expecting value: line 1 column 1 (char 0)')
2024-10-30 11:34:04,913 - FRESERLogger - ERROR - 请求失败，请检查网络连接或参数是否正确。JSONDecodeError('Expecting value: line 1 column 1 (char 0)')
2024-10-30 11:34:09,388 - FRESERLogger - ERROR - 请求失败，请检查网络连接或参数是否正确。JSONDecodeError('Expecting value: line 1 column 1 (char 0)')
2024-10-30 11:34:13,878 - FRESERLogger - ERROR - 请求失败，请检查网络连接或参数是否正确。JSONDecodeError('Expecting value: line 1 column 1 (char 0)')
2024-10-30 11:37:04,322 - FRESERLogger - ERROR - 请求失败，请检查网络连接或参数是否正确。JSONDecodeError('Expecting value: line 1 column 1 (char 0)')
2024-10-30 11:40:18,998 - FRESERLogger - ERROR - 请求失败，请检查网络连接或参数是否正确。JSONDecodeError('Expecting value: line 1 column 1 (char 0)')
2024-10-30 11:45:18,099 - FRESERLogger - ERROR - 请求失败，请检查网络连接或参数是否正确。JSONDecodeError('Expecting value: line 1 column 1 (char 0)')
2024-10-30 11:45:39,124 - FRESERLogger - ERROR - 请求失败，请检查网络连接或参数是否正确。ConnectionError(ProtocolError('Connection aborted.', ConnectionResetError(10054, '远程主机强迫关闭了一个现有的连接。', None, 10054, None)))
2024-10-30 11:46:00,076 - FRESERLogger - ERROR - 请求失败，请检查网络连接或参数是否正确。ConnectionError(ProtocolError('Connection aborted.', ConnectionResetError(10054, '远程主机强迫关闭了一个现有的连接。', None, 10054, None)))
2024-10-30 11:46:05,984 - FRESERLogger - ERROR - 请求失败，请检查网络连接或参数是否正确。ConnectionError(ProtocolError('Connection aborted.', ConnectionResetError(10054, '远程主机强迫关闭了一个现有的连接。', None, 10054, None)))
2024-10-30 11:47:03,965 - FRESERLogger - ERROR - 请求失败，请检查网络连接或参数是否正确。ConnectionError(ProtocolError('Connection aborted.', ConnectionResetError(10054, '远程主机强迫关闭了一个现有的连接。', None, 10054, None)))
2024-10-30 11:47:09,061 - FRESERLogger - ERROR - 请求失败，请检查网络连接或参数是否正确。ConnectionError(ProtocolError('Connection aborted.', ConnectionResetError(10054, '远程主机强迫关闭了一个现有的连接。', None, 10054, None)))
2024-10-30 11:47:14,151 - FRESERLogger - ERROR - 请求失败，请检查网络连接或参数是否正确。ConnectionError(ProtocolError('Connection aborted.', ConnectionResetError(10054, '远程主机强迫关闭了一个现有的连接。', None, 10054, None)))
2024-10-30 11:47:21,004 - FRESERLogger - ERROR - 请求失败，请检查网络连接或参数是否正确。ConnectionError(ProtocolError('Connection aborted.', ConnectionResetError(10054, '远程主机强迫关闭了一个现有的连接。', None, 10054, None)))
2024-10-30 11:47:33,916 - FRESERLogger - ERROR - 请求失败，请检查网络连接或参数是否正确。JSONDecodeError('Expecting value: line 1 column 1 (char 0)')
2024-10-30 11:47:44,510 - FRESERLogger - ERROR - 请求失败，请检查网络连接或参数是否正确。ConnectionError(ProtocolError('Connection aborted.', ConnectionResetError(10054, '远程主机强迫关闭了一个现有的连接。', None, 10054, None)))
2024-10-30 11:47:54,218 - FRESERLogger - ERROR - 请求失败，请检查网络连接或参数是否正确。ConnectionError(ProtocolError('Connection aborted.', ConnectionResetError(10054, '远程主机强迫关闭了一个现有的连接。', None, 10054, None)))
2024-10-30 11:48:13,491 - FRESERLogger - ERROR - 请求失败，请检查网络连接或参数是否正确。ConnectionError(ProtocolError('Connection aborted.', ConnectionResetError(10054, '远程主机强迫关闭了一个现有的连接。', None, 10054, None)))
2024-10-30 11:48:18,576 - FRESERLogger - ERROR - 请求失败，请检查网络连接或参数是否正确。ConnectionError(ProtocolError('Connection aborted.', ConnectionResetError(10054, '远程主机强迫关闭了一个现有的连接。', None, 10054, None)))
2024-10-30 11:48:24,226 - FRESERLogger - ERROR - 请求失败，请检查网络连接或参数是否正确。ConnectionError(ProtocolError('Connection aborted.', ConnectionResetError(10054, '远程主机强迫关闭了一个现有的连接。', None, 10054, None)))
2024-10-30 11:48:29,289 - FRESERLogger - ERROR - 请求失败，请检查网络连接或参数是否正确。ConnectionError(ProtocolError('Connection aborted.', ConnectionResetError(10054, '远程主机强迫关闭了一个现有的连接。', None, 10054, None)))
2024-10-30 11:48:47,971 - FRESERLogger - ERROR - 请求失败，请检查网络连接或参数是否正确。JSONDecodeError('Expecting value: line 1 column 1 (char 0)')
2024-10-30 11:51:20,597 - FRESERLogger - ERROR - 请求失败，请检查网络连接或参数是否正确。JSONDecodeError('Expecting value: line 1 column 1 (char 0)')
2024-10-30 11:52:03,345 - FRESERLogger - ERROR - 请求失败，请检查网络连接或参数是否正确。JSONDecodeError('Expecting value: line 1 column 1 (char 0)')
2024-10-30 11:52:14,474 - FRESERLogger - ERROR - 请求失败，请检查网络连接或参数是否正确。JSONDecodeError('Expecting value: line 1 column 1 (char 0)')
2024-10-30 11:54:16,314 - FRESERLogger - ERROR - 请求失败，请检查网络连接或参数是否正确。JSONDecodeError('Expecting value: line 1 column 1 (char 0)')
2024-10-30 11:57:04,669 - FRESERLogger - ERROR - 请求失败，请检查网络连接或参数是否正确。JSONDecodeError('Expecting value: line 1 column 1 (char 0)')
2024-10-30 12:04:22,802 - FRESERLogger - ERROR - 请求失败，请检查网络连接或参数是否正确。JSONDecodeError('Expecting value: line 1 column 1 (char 0)')
2024-10-30 12:42:16,595 - FRESERLogger - ERROR - 请求失败，请检查网络连接或参数是否正确。
2024-10-30 12:42:21,687 - FRESERLogger - ERROR - 请求失败，请检查网络连接或参数是否正确。
2024-10-30 12:42:51,626 - FRESERLogger - ERROR - 请求失败，请检查网络连接或参数是否正确。
2024-10-30 12:43:39,805 - FRESERLogger - ERROR - 请求失败，请检查网络连接或参数是否正确。
2024-10-30 12:43:44,990 - FRESERLogger - ERROR - 请求失败，请检查网络连接或参数是否正确。
2024-10-30 12:43:55,523 - FRESERLogger - ERROR - 请求失败，请检查网络连接或参数是否正确。
2024-10-30 12:44:00,613 - FRESERLogger - ERROR - 请求失败，请检查网络连接或参数是否正确。
2024-10-30 12:44:05,700 - FRESERLogger - ERROR - 请求失败，请检查网络连接或参数是否正确。
2024-10-30 12:44:26,096 - FRESERLogger - ERROR - 请求失败，请检查网络连接或参数是否正确。
2024-10-30 12:45:30,198 - FRESERLogger - ERROR - 请求失败，请检查网络连接或参数是否正确。
2024-10-30 12:46:22,643 - FRESERLogger - ERROR - 请求失败，请检查网络连接或参数是否正确。
2024-10-30 12:49:36,449 - FRESERLogger - ERROR - 请求失败，请检查网络连接或参数是否正确。
2024-10-30 12:49:36,920 - FRESERLogger - ERROR - 请求失败，请检查网络连接或参数是否正确。
2024-10-30 12:49:37,181 - FRESERLogger - ERROR - 请求失败，请检查网络连接或参数是否正确。
2024-10-30 12:49:37,445 - FRESERLogger - ERROR - 请求失败，请检查网络连接或参数是否正确。
2024-10-30 12:49:37,736 - FRESERLogger - ERROR - 请求失败，请检查网络连接或参数是否正确。
2024-10-30 12:49:38,007 - FRESERLogger - ERROR - 请求失败，请检查网络连接或参数是否正确。
2024-10-30 12:49:38,267 - FRESERLogger - ERROR - 请求失败，请检查网络连接或参数是否正确。
2024-10-30 12:49:38,897 - FRESERLogger - ERROR - 请求失败，请检查网络连接或参数是否正确。
2024-10-30 16:05:26,127 - FRESERLogger - ERROR - Failed to fetch single title toc. Error: JSONDecodeError('Expecting value: line 1 column 1 (char 0)')
2024-10-30 16:06:32,560 - FRESERLogger - ERROR - Failed to fetch single title toc. Error: JSONDecodeError('Expecting value: line 1 column 1 (char 0)')
2024-10-30 17:28:08,857 - FRESERLogger - ERROR - Failed to fetch single title toc. Error: JSONDecodeError('Expecting value: line 1 column 1 (char 0)')
2024-11-21 15:28:26,889 - FRESERLogger - ERROR - Failed to fetch single title toc. Error: JSONDecodeError('Expecting value: line 1 column 1 (char 0)')
2024-11-21 15:37:25,370 - FRESERLogger - ERROR - Failed to fetch single title toc. Error: JSONDecodeError('Expecting value: line 1 column 1 (char 0)')
2024-11-21 15:40:01,869 - FRESERLogger - ERROR - 请求失败，请检查网络连接或参数是否正确。ConnectionError(ProtocolError('Connection aborted.', ConnectionResetError(10054, '远程主机强迫关闭了一个现有的连接。', None, 10054, None)))
2024-11-21 15:41:00,437 - FRESERLogger - ERROR - 请求失败，请检查网络连接或参数是否正确。ProxyError(MaxRetryError("HTTPSConnectionPool(host='fraser.stlouisfed.org', port=443): Max retries exceeded with url: /api/item/18503?limit=1000&page=50&format=json&fields=titleInfo%21language%21note%21location%21name%21physicalDescription%21subject%21accessCondition%21typeOfResource%21abstract%21classification%21genre%21tableOfContents%21relatedItem%21extension%21originInfo%21targetAudience%21identifier%21recordInfo (Caused by ProxyError('Unable to connect to proxy', RemoteDisconnected('Remote end closed connection without response')))"))
2024-11-21 16:55:56,988 - FRESERLogger - ERROR - Failed to fetch single title toc. Error: JSONDecodeError('Expecting value: line 1 column 1 (char 0)')
2024-11-21 16:57:30,672 - FRESERLogger - ERROR - Failed to fetch single title toc. Error: JSONDecodeError('Expecting value: line 1 column 1 (char 0)')
2024-11-21 17:07:16,810 - FRESERLogger - ERROR - Failed to fetch single title toc. Error: JSONDecodeError('Expecting value: line 1 column 1 (char 0)')
2024-11-21 17:19:21,503 - FRESERLogger - ERROR - Failed to fetch single title toc. Error: JSONDecodeError('Expecting value: line 1 column 1 (char 0)')
2024-11-21 17:22:14,897 - FRESERLogger - ERROR - Failed to fetch single title toc. Error: JSONDecodeError('Expecting value: line 1 column 1 (char 0)')
2024-11-21 17:24:38,746 - FRESERLogger - ERROR - Failed to fetch single title toc. Error: JSONDecodeError('Expecting value: line 1 column 1 (char 0)')
2024-11-21 17:33:33,202 - FRESERLogger - ERROR - Failed to fetch single title toc. Error: JSONDecodeError('Expecting value: line 1 column 1 (char 0)')
2024-11-21 17:33:51,101 - FRESERLogger - ERROR - Failed to fetch single title toc. Error: JSONDecodeError('Expecting value: line 1 column 1 (char 0)')
2024-11-21 18:59:02,075 - FRESERLogger - ERROR - Failed to fetch single title toc. Error: JSONDecodeError('Expecting value: line 1 column 1 (char 0)')
2024-11-21 18:59:53,473 - FRESERLogger - ERROR - Failed to fetch single title toc. Error: JSONDecodeError('Expecting value: line 1 column 1 (char 0)')
2024-11-21 19:02:37,891 - FRESERLogger - ERROR - 请求失败，请检查网络连接或参数是否正确。ProxyError(MaxRetryError("HTTPSConnectionPool(host='fraser.stlouisfed.org', port=443): Max retries exceeded with url: /api/item/678710?limit=1000&page=50&format=json&fields=titleInfo%21language%21note%21location%21name%21physicalDescription%21subject%21accessCondition%21typeOfResource%21abstract%21classification%21genre%21tableOfContents%21relatedItem%21extension%21originInfo%21targetAudience%21identifier%21recordInfo (Caused by ProxyError('Unable to connect to proxy', RemoteDisconnected('Remote end closed connection without response')))"))
2024-11-21 19:04:09,494 - FRESERLogger - ERROR - Failed to fetch single title toc. Error: JSONDecodeError('Expecting value: line 1 column 1 (char 0)')
2024-11-21 19:04:17,196 - FRESERLogger - ERROR - Failed to fetch single title toc. Error: JSONDecodeError('Expecting value: line 1 column 1 (char 0)')
2024-11-21 19:31:55,089 - FRESERLogger - ERROR - Failed to fetch single title toc. Error: JSONDecodeError('Expecting value: line 1 column 1 (char 0)')
2024-11-21 19:32:01,642 - FRESERLogger - ERROR - Failed to fetch single title toc. Error: JSONDecodeError('Expecting value: line 1 column 1 (char 0)')
2024-11-21 19:32:15,981 - FRESERLogger - ERROR - Failed to fetch single title toc. Error: JSONDecodeError('Expecting value: line 1 column 1 (char 0)')
2024-11-21 19:32:25,702 - FRESERLogger - ERROR - Failed to fetch single title toc. Error: JSONDecodeError('Expecting value: line 1 column 1 (char 0)')
2024-11-21 19:32:38,774 - FRESERLogger - ERROR - 请求失败，请检查网络连接或参数是否正确。JSONDecodeError('Expecting value: line 1 column 1 (char 0)')
2024-11-21 19:34:04,716 - FRESERLogger - ERROR - 请求失败，请检查网络连接或参数是否正确。ConnectionError(ProtocolError('Connection aborted.', ConnectionResetError(10054, '远程主机强迫关闭了一个现有的连接。', None, 10054, None)))
2024-11-21 19:35:44,838 - FRESERLogger - ERROR - 请求失败，请检查网络连接或参数是否正确。ConnectionError(ProtocolError('Connection aborted.', ConnectionResetError(10054, '远程主机强迫关闭了一个现有的连接。', None, 10054, None)))
2024-11-21 19:40:11,687 - FRESERLogger - ERROR - Failed to fetch single title toc. Error: JSONDecodeError('Expecting value: line 1 column 1 (char 0)')
2024-11-21 19:44:24,900 - FRESERLogger - ERROR - Failed to fetch single title toc. Error: JSONDecodeError('Expecting value: line 1 column 1 (char 0)')
2024-11-21 19:44:32,169 - FRESERLogger - ERROR - Failed to fetch single title toc. Error: JSONDecodeError('Expecting value: line 1 column 1 (char 0)')
2024-11-21 19:51:21,469 - FRESERLogger - ERROR - Failed to fetch single title toc. Error: JSONDecodeError('Expecting value: line 1 column 1 (char 0)')
2024-11-21 19:51:48,997 - FRESERLogger - ERROR - Failed to fetch single title toc. Error: JSONDecodeError('Expecting value: line 1 column 1 (char 0)')
2024-11-21 19:52:33,221 - FRESERLogger - ERROR - Failed to fetch single title toc. Error: JSONDecodeError('Expecting value: line 1 column 1 (char 0)')
2024-11-21 20:16:48,651 - FRESERLogger - ERROR - Failed to fetch single title toc. Error: JSONDecodeError('Expecting value: line 1 column 1 (char 0)')
2024-11-21 20:29:54,348 - FRESERLogger - ERROR - Failed to fetch single title toc. Error: JSONDecodeError('Expecting value: line 1 column 1 (char 0)')
2024-11-21 20:30:48,477 - FRESERLogger - ERROR - Failed to fetch single title toc. Error: JSONDecodeError('Expecting value: line 1 column 1 (char 0)')
2024-11-21 20:31:23,363 - FRESERLogger - ERROR - Failed to fetch single title toc. Error: JSONDecodeError('Expecting value: line 1 column 1 (char 0)')
2024-11-21 20:41:14,701 - FRESERLogger - ERROR - Failed to fetch single title toc. Error: JSONDecodeError('Expecting value: line 1 column 1 (char 0)')
2024-11-21 20:41:47,885 - FRESERLogger - ERROR - Failed to fetch single title toc. Error: JSONDecodeError('Expecting value: line 1 column 1 (char 0)')
2024-11-21 20:41:50,325 - FRESERLogger - ERROR - Failed to fetch single title toc. Error: JSONDecodeError('Expecting value: line 1 column 1 (char 0)')
2024-11-21 20:43:03,482 - FRESERLogger - ERROR - Failed to fetch single title toc. Error: JSONDecodeError('Expecting value: line 1 column 1 (char 0)')
2024-11-21 20:47:37,715 - FRESERLogger - ERROR - 请求失败，请检查网络连接或参数是否正确。ConnectionError(ProtocolError('Connection aborted.', ConnectionResetError(10054, '远程主机强迫关闭了一个现有的连接。', None, 10054, None)))
2024-11-21 20:48:27,917 - FRESERLogger - ERROR - 请求失败，请检查网络连接或参数是否正确。SSLError(MaxRetryError("HTTPSConnectionPool(host='fraser.stlouisfed.org', port=443): Max retries exceeded with url: /api/item/619069?limit=1000&page=50&format=json&fields=titleInfo%21language%21note%21location%21name%21physicalDescription%21subject%21accessCondition%21typeOfResource%21abstract%21classification%21genre%21tableOfContents%21relatedItem%21extension%21originInfo%21targetAudience%21identifier%21recordInfo (Caused by SSLError(SSLEOFError(8, '[SSL: UNEXPECTED_EOF_WHILE_READING] EOF occurred in violation of protocol (_ssl.c:1000)')))"))
2024-11-21 20:48:31,913 - FRESERLogger - ERROR - Failed to fetch single title toc. Error: JSONDecodeError('Expecting value: line 1 column 1 (char 0)')
2024-11-21 21:09:35,169 - FRESERLogger - ERROR - Failed to fetch single title toc. Error: JSONDecodeError('Expecting value: line 1 column 1 (char 0)')
2024-11-21 21:09:38,922 - FRESERLogger - ERROR - Failed to fetch single title toc. Error: JSONDecodeError('Expecting value: line 1 column 1 (char 0)')
2024-11-21 21:09:41,530 - FRESERLogger - ERROR - Failed to fetch single title toc. Error: JSONDecodeError('Expecting value: line 1 column 1 (char 0)')
2024-11-21 21:10:05,945 - FRESERLogger - ERROR - 请求失败，请检查网络连接或参数是否正确。ConnectTimeout(MaxRetryError("HTTPSConnectionPool(host='fraser.stlouisfed.org', port=443): Max retries exceeded with url: /api/item/589469?limit=1000&page=50&format=json&fields=titleInfo%21language%21note%21location%21name%21physicalDescription%21subject%21accessCondition%21typeOfResource%21abstract%21classification%21genre%21tableOfContents%21relatedItem%21extension%21originInfo%21targetAudience%21identifier%21recordInfo (Caused by ConnectTimeoutError(<urllib3.connection.HTTPSConnection object at 0x000001A598FB4E30>, 'Connection to fraser.stlouisfed.org timed out. (connect timeout=None)'))"))
2024-11-21 21:10:27,837 - FRESERLogger - ERROR - 请求失败，请检查网络连接或参数是否正确。ConnectTimeout(MaxRetryError("HTTPSConnectionPool(host='fraser.stlouisfed.org', port=443): Max retries exceeded with url: /api/item/589471?limit=1000&page=50&format=json&fields=titleInfo%21language%21note%21location%21name%21physicalDescription%21subject%21accessCondition%21typeOfResource%21abstract%21classification%21genre%21tableOfContents%21relatedItem%21extension%21originInfo%21targetAudience%21identifier%21recordInfo (Caused by ConnectTimeoutError(<urllib3.connection.HTTPSConnection object at 0x000001A598FB5700>, 'Connection to fraser.stlouisfed.org timed out. (connect timeout=None)'))"))
2024-11-21 21:10:49,999 - FRESERLogger - ERROR - Failed to fetch single title toc. Error: ConnectTimeout(MaxRetryError("HTTPSConnectionPool(host='fraser.stlouisfed.org', port=443): Max retries exceeded with url: /api/title/6109/toc (Caused by ConnectTimeoutError(<urllib3.connection.HTTPSConnection object at 0x000001A598FB66F0>, 'Connection to fraser.stlouisfed.org timed out. (connect timeout=None)'))"))
2024-11-21 21:11:18,876 - FRESERLogger - ERROR - 请求失败，请检查网络连接或参数是否正确。ConnectTimeout(MaxRetryError("HTTPSConnectionPool(host='fraser.stlouisfed.org', port=443): Max retries exceeded with url: /api/item/589476?limit=1000&page=50&format=json&fields=titleInfo%21language%21note%21location%21name%21physicalDescription%21subject%21accessCondition%21typeOfResource%21abstract%21classification%21genre%21tableOfContents%21relatedItem%21extension%21originInfo%21targetAudience%21identifier%21recordInfo (Caused by ConnectTimeoutError(<urllib3.connection.HTTPSConnection object at 0x000001A598FB6330>, 'Connection to fraser.stlouisfed.org timed out. (connect timeout=None)'))"))
2024-11-21 21:14:08,937 - FRESERLogger - ERROR - Failed to fetch single title toc. Error: JSONDecodeError('Expecting value: line 1 column 1 (char 0)')
2024-11-21 21:14:12,263 - FRESERLogger - ERROR - Failed to fetch single title toc. Error: JSONDecodeError('Expecting value: line 1 column 1 (char 0)')
2024-11-21 21:14:13,881 - FRESERLogger - ERROR - Failed to fetch single title toc. Error: JSONDecodeError('Expecting value: line 1 column 1 (char 0)')
2024-11-21 21:20:09,472 - FRESERLogger - ERROR - Failed to fetch single title toc. Error: JSONDecodeError('Expecting value: line 1 column 1 (char 0)')
2024-11-21 21:20:18,097 - FRESERLogger - ERROR - Failed to fetch single title toc. Error: JSONDecodeError('Expecting value: line 1 column 1 (char 0)')
2024-11-21 21:20:20,938 - FRESERLogger - ERROR - Failed to fetch single title toc. Error: JSONDecodeError('Expecting value: line 1 column 1 (char 0)')
2024-11-21 21:20:29,629 - FRESERLogger - ERROR - Failed to fetch single title toc. Error: JSONDecodeError('Expecting value: line 1 column 1 (char 0)')
2024-11-21 21:20:53,878 - FRESERLogger - ERROR - 获取Item 589473的信息遇到错误. ConnectTimeout(MaxRetryError("HTTPSConnectionPool(host='fraser.stlouisfed.org', port=443): Max retries exceeded with url: /api/item/589473?limit=1000&page=50&format=json&fields=titleInfo%21language%21note%21location%21name%21physicalDescription%21subject%21accessCondition%21typeOfResource%21abstract%21classification%21genre%21tableOfContents%21relatedItem%21extension%21originInfo%21targetAudience%21identifier%21recordInfo (Caused by ConnectTimeoutError(<urllib3.connection.HTTPSConnection object at 0x000001B9AC866510>, 'Connection to fraser.stlouisfed.org timed out. (connect timeout=None)'))"))
2024-11-21 21:21:27,828 - FRESERLogger - ERROR - 获取Item 589483的信息遇到错误. ConnectTimeout(MaxRetryError("HTTPSConnectionPool(host='fraser.stlouisfed.org', port=443): Max retries exceeded with url: /api/item/589483?limit=1000&page=50&format=json&fields=titleInfo%21language%21note%21location%21name%21physicalDescription%21subject%21accessCondition%21typeOfResource%21abstract%21classification%21genre%21tableOfContents%21relatedItem%21extension%21originInfo%21targetAudience%21identifier%21recordInfo (Caused by ConnectTimeoutError(<urllib3.connection.HTTPSConnection object at 0x000001B9AC8673B0>, 'Connection to fraser.stlouisfed.org timed out. (connect timeout=None)'))"))
2024-11-21 21:21:51,293 - FRESERLogger - ERROR - 获取Item 589487的信息遇到错误. ConnectTimeout(MaxRetryError("HTTPSConnectionPool(host='fraser.stlouisfed.org', port=443): Max retries exceeded with url: /api/item/589487?limit=1000&page=50&format=json&fields=titleInfo%21language%21note%21location%21name%21physicalDescription%21subject%21accessCondition%21typeOfResource%21abstract%21classification%21genre%21tableOfContents%21relatedItem%21extension%21originInfo%21targetAudience%21identifier%21recordInfo (Caused by ConnectTimeoutError(<urllib3.connection.HTTPSConnection object at 0x000001B9AC867EC0>, 'Connection to fraser.stlouisfed.org timed out. (connect timeout=None)'))"))
2024-11-21 21:22:14,457 - FRESERLogger - ERROR - Failed to fetch single title toc. Error: JSONDecodeError('Expecting value: line 1 column 1 (char 0)')
2024-11-21 21:22:17,677 - FRESERLogger - ERROR - Failed to fetch single title toc. Error: JSONDecodeError('Expecting value: line 1 column 1 (char 0)')
2024-11-21 21:22:19,363 - FRESERLogger - ERROR - Failed to fetch single title toc. Error: JSONDecodeError('Expecting value: line 1 column 1 (char 0)')
2024-11-21 21:24:45,300 - FRESERLogger - ERROR - Failed to fetch single title toc. Error: JSONDecodeError('Expecting value: line 1 column 1 (char 0)')
2024-11-21 21:24:49,519 - FRESERLogger - ERROR - Failed to fetch single title toc. Error: JSONDecodeError('Expecting value: line 1 column 1 (char 0)')
2024-11-21 21:24:51,305 - FRESERLogger - ERROR - Failed to fetch single title toc. Error: JSONDecodeError('Expecting value: line 1 column 1 (char 0)')
2024-11-21 21:26:20,711 - FRESERLogger - ERROR - Failed to fetch single title toc. Error: JSONDecodeError('Expecting value: line 1 column 1 (char 0)')
2024-11-21 21:26:56,057 - FRESERLogger - ERROR - 获取Item 589484的信息遇到错误. ConnectTimeout(MaxRetryError("HTTPSConnectionPool(host='fraser.stlouisfed.org', port=443): Max retries exceeded with url: /api/item/589484?limit=1000&page=50&format=json&fields=titleInfo%21language%21note%21location%21name%21physicalDescription%21subject%21accessCondition%21typeOfResource%21abstract%21classification%21genre%21tableOfContents%21relatedItem%21extension%21originInfo%21targetAudience%21identifier%21recordInfo (Caused by ConnectTimeoutError(<urllib3.connection.HTTPSConnection object at 0x0000015B90BD6C60>, 'Connection to fraser.stlouisfed.org timed out. (connect timeout=None)'))"))
2024-11-21 21:27:15,623 - FRESERLogger - ERROR - Failed to fetch single title toc. Error: JSONDecodeError('Expecting value: line 1 column 1 (char 0)')
2024-11-21 21:27:19,444 - FRESERLogger - ERROR - Failed to fetch single title toc. Error: JSONDecodeError('Expecting value: line 1 column 1 (char 0)')
2024-11-21 21:27:22,113 - FRESERLogger - ERROR - Failed to fetch single title toc. Error: JSONDecodeError('Expecting value: line 1 column 1 (char 0)')
2024-11-21 21:27:29,354 - FRESERLogger - ERROR - Failed to fetch single title toc. Error: JSONDecodeError('Expecting value: line 1 column 1 (char 0)')
2024-11-21 21:32:14,774 - FRESERLogger - ERROR - Failed to fetch single title toc. Error: JSONDecodeError('Expecting value: line 1 column 1 (char 0)')
2024-11-21 21:32:26,274 - FRESERLogger - ERROR - Failed to fetch single title toc. Error: JSONDecodeError('Expecting value: line 1 column 1 (char 0)')
2024-11-21 21:32:29,278 - FRESERLogger - ERROR - Failed to fetch single title toc. Error: JSONDecodeError('Expecting value: line 1 column 1 (char 0)')
2024-11-21 21:33:09,183 - FRESERLogger - ERROR - Failed to fetch single title toc. Error: JSONDecodeError('Expecting value: line 1 column 1 (char 0)')
2024-11-21 21:36:29,041 - FRESERLogger - ERROR - Failed to fetch single title toc. Error: JSONDecodeError('Expecting value: line 1 column 1 (char 0)')
2024-11-21 21:36:34,025 - FRESERLogger - ERROR - Failed to fetch single title toc. Error: JSONDecodeError('Expecting value: line 1 column 1 (char 0)')
2024-11-21 21:36:36,300 - FRESERLogger - ERROR - Failed to fetch single title toc. Error: JSONDecodeError('Expecting value: line 1 column 1 (char 0)')
2024-11-21 21:36:54,455 - FRESERLogger - ERROR - Failed to fetch single title toc. Error: JSONDecodeError('Expecting value: line 1 column 1 (char 0)')
2024-11-21 21:38:03,490 - FRESERLogger - ERROR - Failed to fetch single title toc. Error: JSONDecodeError('Expecting value: line 1 column 1 (char 0)')
2024-11-21 21:38:11,541 - FRESERLogger - ERROR - Failed to fetch single title toc. Error: JSONDecodeError('Expecting value: line 1 column 1 (char 0)')
2024-11-21 21:38:13,545 - FRESERLogger - ERROR - Failed to fetch single title toc. Error: JSONDecodeError('Expecting value: line 1 column 1 (char 0)')
2024-11-21 21:38:17,494 - FRESERLogger - ERROR - Failed to fetch single title toc. Error: JSONDecodeError('Expecting value: line 1 column 1 (char 0)')
2024-11-21 21:38:22,850 - FRESERLogger - ERROR - Failed to fetch single title toc. Error: JSONDecodeError('Expecting value: line 1 column 1 (char 0)')
2024-11-21 21:39:09,581 - FRESERLogger - ERROR - 获取Item 586659的信息遇到错误. ConnectTimeout(MaxRetryError("HTTPSConnectionPool(host='fraser.stlouisfed.org', port=443): Max retries exceeded with url: /api/item/586659?limit=1000&page=50&format=json&fields=titleInfo%21language%21note%21location%21name%21physicalDescription%21subject%21accessCondition%21typeOfResource%21abstract%21classification%21genre%21tableOfContents%21relatedItem%21extension%21originInfo%21targetAudience%21identifier%21recordInfo (Caused by ConnectTimeoutError(<urllib3.connection.HTTPSConnection object at 0x0000015AFF4C53A0>, 'Connection to fraser.stlouisfed.org timed out. (connect timeout=None)'))"))
2024-11-21 21:40:12,022 - FRESERLogger - ERROR - 获取Item 586722的信息遇到错误. ConnectTimeout(MaxRetryError("HTTPSConnectionPool(host='fraser.stlouisfed.org', port=443): Max retries exceeded with url: /api/item/586722?limit=1000&page=50&format=json&fields=titleInfo%21language%21note%21location%21name%21physicalDescription%21subject%21accessCondition%21typeOfResource%21abstract%21classification%21genre%21tableOfContents%21relatedItem%21extension%21originInfo%21targetAudience%21identifier%21recordInfo (Caused by ConnectTimeoutError(<urllib3.connection.HTTPSConnection object at 0x0000015AFF5147A0>, 'Connection to fraser.stlouisfed.org timed out. (connect timeout=None)'))"))
2024-11-21 21:40:12,720 - FRESERLogger - ERROR - Failed to fetch single title toc. Error: JSONDecodeError('Expecting value: line 1 column 1 (char 0)')
2024-11-21 21:40:49,346 - FRESERLogger - ERROR - 获取Item 586811的信息遇到错误. ConnectTimeout(MaxRetryError("HTTPSConnectionPool(host='fraser.stlouisfed.org', port=443): Max retries exceeded with url: /api/item/586811?limit=1000&page=50&format=json&fields=titleInfo%21language%21note%21location%21name%21physicalDescription%21subject%21accessCondition%21typeOfResource%21abstract%21classification%21genre%21tableOfContents%21relatedItem%21extension%21originInfo%21targetAudience%21identifier%21recordInfo (Caused by ConnectTimeoutError(<urllib3.connection.HTTPSConnection object at 0x0000015AFF516690>, 'Connection to fraser.stlouisfed.org timed out. (connect timeout=None)'))"))
2024-11-22 08:18:32,919 - FRESERLogger - ERROR - Failed to fetch single title toc. Error: JSONDecodeError('Expecting value: line 1 column 1 (char 0)')
2024-11-22 08:18:35,299 - FRESERLogger - ERROR - Failed to fetch single title toc. Error: JSONDecodeError('Expecting value: line 1 column 1 (char 0)')
2024-11-22 08:18:37,156 - FRESERLogger - ERROR - Failed to fetch single title toc. Error: JSONDecodeError('Expecting value: line 1 column 1 (char 0)')
2024-11-22 08:18:39,007 - FRESERLogger - ERROR - Failed to fetch single title toc. Error: JSONDecodeError('Expecting value: line 1 column 1 (char 0)')
2024-11-22 08:18:40,696 - FRESERLogger - ERROR - Failed to fetch single title toc. Error: JSONDecodeError('Expecting value: line 1 column 1 (char 0)')
2024-11-22 08:19:02,976 - FRESERLogger - ERROR - Failed to fetch single title toc. Error: ConnectTimeout(MaxRetryError("HTTPSConnectionPool(host='fraser.stlouisfed.org', port=443): Max retries exceeded with url: /api/title/1335/toc (Caused by ConnectTimeoutError(<urllib3.connection.HTTPSConnection object at 0x00000118C3DC9A30>, 'Connection to fraser.stlouisfed.org timed out. (connect timeout=None)'))"))
2024-11-22 08:19:04,739 - FRESERLogger - ERROR - Failed to fetch single title toc. Error: JSONDecodeError('Expecting value: line 1 column 1 (char 0)')
2024-11-22 08:19:06,623 - FRESERLogger - ERROR - Failed to fetch single title toc. Error: JSONDecodeError('Expecting value: line 1 column 1 (char 0)')
2024-11-22 08:19:20,541 - FRESERLogger - ERROR - Failed to fetch single title toc. Error: JSONDecodeError('Expecting value: line 1 column 1 (char 0)')
2024-11-22 08:20:07,664 - FRESERLogger - ERROR - 获取Item 475288的信息遇到错误. ConnectTimeout(MaxRetryError("HTTPSConnectionPool(host='fraser.stlouisfed.org', port=443): Max retries exceeded with url: /api/item/475288?limit=1000&page=50&format=json&fields=titleInfo%21language%21note%21location%21name%21physicalDescription%21subject%21accessCondition%21typeOfResource%21abstract%21classification%21genre%21tableOfContents%21relatedItem%21extension%21originInfo%21targetAudience%21identifier%21recordInfo (Caused by ConnectTimeoutError(<urllib3.connection.HTTPSConnection object at 0x00000118C3F0CC80>, 'Connection to fraser.stlouisfed.org timed out. (connect timeout=None)'))"))
2024-11-22 08:20:38,902 - FRESERLogger - ERROR - 获取Item 475346的信息遇到错误. ConnectTimeout(MaxRetryError("HTTPSConnectionPool(host='fraser.stlouisfed.org', port=443): Max retries exceeded with url: /api/item/475346?limit=1000&page=50&format=json&fields=titleInfo%21language%21note%21location%21name%21physicalDescription%21subject%21accessCondition%21typeOfResource%21abstract%21classification%21genre%21tableOfContents%21relatedItem%21extension%21originInfo%21targetAudience%21identifier%21recordInfo (Caused by ConnectTimeoutError(<urllib3.connection.HTTPSConnection object at 0x00000118C3F0E030>, 'Connection to fraser.stlouisfed.org timed out. (connect timeout=None)'))"))
2024-11-22 08:20:39,840 - FRESERLogger - ERROR - Failed to fetch single title toc. Error: JSONDecodeError('Expecting value: line 1 column 1 (char 0)')
2024-11-22 08:21:40,596 - FRESERLogger - ERROR - 获取Item 669857的信息遇到错误. ConnectTimeout(MaxRetryError("HTTPSConnectionPool(host='fraser.stlouisfed.org', port=443): Max retries exceeded with url: /api/item/669857?limit=1000&page=50&format=json&fields=titleInfo%21language%21note%21location%21name%21physicalDescription%21subject%21accessCondition%21typeOfResource%21abstract%21classification%21genre%21tableOfContents%21relatedItem%21extension%21originInfo%21targetAudience%21identifier%21recordInfo (Caused by ConnectTimeoutError(<urllib3.connection.HTTPSConnection object at 0x00000118C3F0FA10>, 'Connection to fraser.stlouisfed.org timed out. (connect timeout=None)'))"))
2024-11-22 08:56:56,302 - FRESERLogger - ERROR - 获取Item 629969的信息遇到错误. KeyError('records')
2024-11-22 08:57:52,849 - FRESERLogger - ERROR - 获取Item 679562的信息遇到错误. ConnectTimeout(MaxRetryError("HTTPSConnectionPool(host='fraser.stlouisfed.org', port=443): Max retries exceeded with url: /api/item/679562?limit=1000&page=50&format=json&fields=titleInfo%21language%21note%21location%21name%21physicalDescription%21subject%21accessCondition%21typeOfResource%21abstract%21classification%21genre%21tableOfContents%21relatedItem%21extension%21originInfo%21targetAudience%21identifier%21recordInfo (Caused by ConnectTimeoutError(<urllib3.connection.HTTPSConnection object at 0x000001800F094620>, 'Connection to fraser.stlouisfed.org timed out. (connect timeout=None)'))"))
2024-11-22 09:01:32,954 - FRESERLogger - ERROR - 获取Item 594063的信息遇到错误. ConnectTimeout(MaxRetryError("HTTPSConnectionPool(host='fraser.stlouisfed.org', port=443): Max retries exceeded with url: /api/item/594063?limit=1000&page=50&format=json&fields=titleInfo%21language%21note%21location%21name%21physicalDescription%21subject%21accessCondition%21typeOfResource%21abstract%21classification%21genre%21tableOfContents%21relatedItem%21extension%21originInfo%21targetAudience%21identifier%21recordInfo (Caused by ConnectTimeoutError(<urllib3.connection.HTTPSConnection object at 0x000001800F0969F0>, 'Connection to fraser.stlouisfed.org timed out. (connect timeout=None)'))"))
2024-11-22 09:02:38,624 - FRESERLogger - ERROR - 获取Item 594137的信息遇到错误. ConnectTimeout(MaxRetryError("HTTPSConnectionPool(host='fraser.stlouisfed.org', port=443): Max retries exceeded with url: /api/item/594137?limit=1000&page=50&format=json&fields=titleInfo%21language%21note%21location%21name%21physicalDescription%21subject%21accessCondition%21typeOfResource%21abstract%21classification%21genre%21tableOfContents%21relatedItem%21extension%21originInfo%21targetAudience%21identifier%21recordInfo (Caused by ConnectTimeoutError(<urllib3.connection.HTTPSConnection object at 0x000001800E024D70>, 'Connection to fraser.stlouisfed.org timed out. (connect timeout=None)'))"))
2024-11-22 09:03:16,091 - FRESERLogger - ERROR - 获取Item 594008的信息遇到错误. ConnectTimeout(MaxRetryError("HTTPSConnectionPool(host='fraser.stlouisfed.org', port=443): Max retries exceeded with url: /api/item/594008?limit=1000&page=50&format=json&fields=titleInfo%21language%21note%21location%21name%21physicalDescription%21subject%21accessCondition%21typeOfResource%21abstract%21classification%21genre%21tableOfContents%21relatedItem%21extension%21originInfo%21targetAudience%21identifier%21recordInfo (Caused by ConnectTimeoutError(<urllib3.connection.HTTPSConnection object at 0x000001800E025D90>, 'Connection to fraser.stlouisfed.org timed out. (connect timeout=None)'))"))
2024-11-22 11:16:22,835 - FRESERLogger - ERROR - 获取Item 671803的信息遇到错误. ConnectTimeout(MaxRetryError("HTTPSConnectionPool(host='fraser.stlouisfed.org', port=443): Max retries exceeded with url: /api/item/671803?limit=1000&page=50&format=json&fields=titleInfo%21language%21note%21location%21name%21physicalDescription%21subject%21accessCondition%21typeOfResource%21abstract%21classification%21genre%21tableOfContents%21relatedItem%21extension%21originInfo%21targetAudience%21identifier%21recordInfo (Caused by ConnectTimeoutError(<urllib3.connection.HTTPSConnection object at 0x000002AB88957680>, 'Connection to fraser.stlouisfed.org timed out. (connect timeout=None)'))"))
2024-11-22 11:17:17,748 - FRESERLogger - ERROR - 获取Item 521733的信息遇到错误. ConnectTimeout(MaxRetryError("HTTPSConnectionPool(host='fraser.stlouisfed.org', port=443): Max retries exceeded with url: /api/item/521733?limit=1000&page=50&format=json&fields=titleInfo%21language%21note%21location%21name%21physicalDescription%21subject%21accessCondition%21typeOfResource%21abstract%21classification%21genre%21tableOfContents%21relatedItem%21extension%21originInfo%21targetAudience%21identifier%21recordInfo (Caused by ConnectTimeoutError(<urllib3.connection.HTTPSConnection object at 0x000002AB88A32420>, 'Connection to fraser.stlouisfed.org timed out. (connect timeout=None)'))"))
2024-11-22 11:20:02,503 - FRESERLogger - ERROR - 获取Item 671667的信息遇到错误. ConnectTimeout(MaxRetryError("HTTPSConnectionPool(host='fraser.stlouisfed.org', port=443): Max retries exceeded with url: /api/item/671667?limit=1000&page=50&format=json&fields=titleInfo%21language%21note%21location%21name%21physicalDescription%21subject%21accessCondition%21typeOfResource%21abstract%21classification%21genre%21tableOfContents%21relatedItem%21extension%21originInfo%21targetAudience%21identifier%21recordInfo (Caused by ConnectTimeoutError(<urllib3.connection.HTTPSConnection object at 0x000002AB88A5C3B0>, 'Connection to fraser.stlouisfed.org timed out. (connect timeout=None)'))"))
2024-11-22 11:20:59,647 - FRESERLogger - ERROR - 获取Item 671916的信息遇到错误. ConnectTimeout(MaxRetryError("HTTPSConnectionPool(host='fraser.stlouisfed.org', port=443): Max retries exceeded with url: /api/item/671916?limit=1000&page=50&format=json&fields=titleInfo%21language%21note%21location%21name%21physicalDescription%21subject%21accessCondition%21typeOfResource%21abstract%21classification%21genre%21tableOfContents%21relatedItem%21extension%21originInfo%21targetAudience%21identifier%21recordInfo (Caused by ConnectTimeoutError(<urllib3.connection.HTTPSConnection object at 0x000002AB88A5DA00>, 'Connection to fraser.stlouisfed.org timed out. (connect timeout=None)'))"))
2024-11-22 11:21:40,915 - FRESERLogger - ERROR - 获取Item 671982的信息遇到错误. ConnectTimeout(MaxRetryError("HTTPSConnectionPool(host='fraser.stlouisfed.org', port=443): Max retries exceeded with url: /api/item/671982?limit=1000&page=50&format=json&fields=titleInfo%21language%21note%21location%21name%21physicalDescription%21subject%21accessCondition%21typeOfResource%21abstract%21classification%21genre%21tableOfContents%21relatedItem%21extension%21originInfo%21targetAudience%21identifier%21recordInfo (Caused by ConnectTimeoutError(<urllib3.connection.HTTPSConnection object at 0x000002AB88A5D850>, 'Connection to fraser.stlouisfed.org timed out. (connect timeout=None)'))"))
2024-11-22 11:28:05,767 - FRESERLogger - ERROR - 获取Item 557963的信息遇到错误. ConnectTimeout(MaxRetryError("HTTPSConnectionPool(host='fraser.stlouisfed.org', port=443): Max retries exceeded with url: /api/item/557963?limit=1000&page=50&format=json&fields=titleInfo%21language%21note%21location%21name%21physicalDescription%21subject%21accessCondition%21typeOfResource%21abstract%21classification%21genre%21tableOfContents%21relatedItem%21extension%21originInfo%21targetAudience%21identifier%21recordInfo (Caused by ConnectTimeoutError(<urllib3.connection.HTTPSConnection object at 0x000001EB80608860>, 'Connection to fraser.stlouisfed.org timed out. (connect timeout=None)'))"))
2024-11-22 11:28:58,863 - FRESERLogger - ERROR - 获取Item 558056的信息遇到错误. ConnectTimeout(MaxRetryError("HTTPSConnectionPool(host='fraser.stlouisfed.org', port=443): Max retries exceeded with url: /api/item/558056?limit=1000&page=50&format=json&fields=titleInfo%21language%21note%21location%21name%21physicalDescription%21subject%21accessCondition%21typeOfResource%21abstract%21classification%21genre%21tableOfContents%21relatedItem%21extension%21originInfo%21targetAudience%21identifier%21recordInfo (Caused by ConnectTimeoutError(<urllib3.connection.HTTPSConnection object at 0x000001EB8060A270>, 'Connection to fraser.stlouisfed.org timed out. (connect timeout=None)'))"))
2024-11-22 11:29:26,444 - FRESERLogger - ERROR - 获取Item 667151的信息遇到错误. ConnectTimeout(MaxRetryError("HTTPSConnectionPool(host='fraser.stlouisfed.org', port=443): Max retries exceeded with url: /api/item/667151?limit=1000&page=50&format=json&fields=titleInfo%21language%21note%21location%21name%21physicalDescription%21subject%21accessCondition%21typeOfResource%21abstract%21classification%21genre%21tableOfContents%21relatedItem%21extension%21originInfo%21targetAudience%21identifier%21recordInfo (Caused by ConnectTimeoutError(<urllib3.connection.HTTPSConnection object at 0x000001EB80609580>, 'Connection to fraser.stlouisfed.org timed out. (connect timeout=None)'))"))
2024-11-22 12:55:37,294 - FRESERLogger - ERROR - 获取Item 581559的信息遇到错误. ConnectTimeout(MaxRetryError("HTTPSConnectionPool(host='fraser.stlouisfed.org', port=443): Max retries exceeded with url: /api/item/581559?limit=1000&page=50&format=json&fields=titleInfo%21language%21note%21location%21name%21physicalDescription%21subject%21accessCondition%21typeOfResource%21abstract%21classification%21genre%21tableOfContents%21relatedItem%21extension%21originInfo%21targetAudience%21identifier%21recordInfo (Caused by ConnectTimeoutError(<urllib3.connection.HTTPSConnection object at 0x0000025076295B80>, 'Connection to fraser.stlouisfed.org timed out. (connect timeout=None)'))"))
2024-11-22 12:56:09,513 - FRESERLogger - ERROR - 获取Item 666836的信息遇到错误. ConnectTimeout(MaxRetryError("HTTPSConnectionPool(host='fraser.stlouisfed.org', port=443): Max retries exceeded with url: /api/item/666836?limit=1000&page=50&format=json&fields=titleInfo%21language%21note%21location%21name%21physicalDescription%21subject%21accessCondition%21typeOfResource%21abstract%21classification%21genre%21tableOfContents%21relatedItem%21extension%21originInfo%21targetAudience%21identifier%21recordInfo (Caused by ConnectTimeoutError(<urllib3.connection.HTTPSConnection object at 0x00000250762964E0>, 'Connection to fraser.stlouisfed.org timed out. (connect timeout=None)'))"))
2024-11-22 12:56:37,649 - FRESERLogger - ERROR - 获取Item 666948的信息遇到错误. ConnectTimeout(MaxRetryError("HTTPSConnectionPool(host='fraser.stlouisfed.org', port=443): Max retries exceeded with url: /api/item/666948?limit=1000&page=50&format=json&fields=titleInfo%21language%21note%21location%21name%21physicalDescription%21subject%21accessCondition%21typeOfResource%21abstract%21classification%21genre%21tableOfContents%21relatedItem%21extension%21originInfo%21targetAudience%21identifier%21recordInfo (Caused by ConnectTimeoutError(<urllib3.connection.HTTPSConnection object at 0x0000025076365070>, 'Connection to fraser.stlouisfed.org timed out. (connect timeout=None)'))"))
2024-11-22 12:57:07,110 - FRESERLogger - ERROR - 获取Item 666974的信息遇到错误. ConnectTimeout(MaxRetryError("HTTPSConnectionPool(host='fraser.stlouisfed.org', port=443): Max retries exceeded with url: /api/item/666974?limit=1000&page=50&format=json&fields=titleInfo%21language%21note%21location%21name%21physicalDescription%21subject%21accessCondition%21typeOfResource%21abstract%21classification%21genre%21tableOfContents%21relatedItem%21extension%21originInfo%21targetAudience%21identifier%21recordInfo (Caused by ConnectTimeoutError(<urllib3.connection.HTTPSConnection object at 0x0000025076365490>, 'Connection to fraser.stlouisfed.org timed out. (connect timeout=None)'))"))
2024-11-22 13:10:43,563 - FRESERLogger - ERROR - 获取Item 619115的信息遇到错误. ConnectionError(ProtocolError('Connection aborted.', RemoteDisconnected('Remote end closed connection without response')))
